Using pre-set license
Built from '2021.1/staging' branch; Version is '2021.1.19f1 (5f5eb8bbdc25) revision 6250168'; Using compiler version '192528614'; Build Type 'Release'
OS: 'Windows 10 Pro; OS build 19043.1165; Version 2009; 64bit' Language: 'en' Physical Memory: 24527 MB
BatchMode: 1, IsHumanControllingUs: 0, StartBugReporterOnCrash: 0, Is64bit: 1, IsPro: 0

COMMAND LINE ARGUMENTS:
C:\Program Files\Unity\Hub\Editor\2021.1.19f1\Editor\Unity.exe
-adb2
-batchMode
-noUpm
-name
AssetImportWorker0
-projectPath
D:/Projekti/MeowForever
-logFile
Logs/AssetImportWorker0.log
-srvPort
49932
Successfully changed project path to: D:/Projekti/MeowForever
D:/Projekti/MeowForever
Using Asset Import Pipeline V2.
Refreshing native plugins compatible for Editor in 35.18 ms, found 2 plugins.
Preloading 0 native plugins for Editor in 0.00 ms.
Initialize engine version: 2021.1.19f1 (5f5eb8bbdc25)
[Subsystems] Discovering subsystems at path C:/Program Files/Unity/Hub/Editor/2021.1.19f1/Editor/Data/Resources/UnitySubsystems
[Subsystems] Discovering subsystems at path D:/Projekti/MeowForever/Assets
GfxDevice: creating device client; threaded=0; jobified=0
Direct3D:
    Version:  Direct3D 11.0 [level 11.1]
    Renderer: NVIDIA GeForce GTX 1060 3GB (ID=0x1c02)
    Vendor:   NVIDIA
    VRAM:     2988 MB
    Driver:   30.0.14.7196
Initialize mono
Mono path[0] = 'C:/Program Files/Unity/Hub/Editor/2021.1.19f1/Editor/Data/Managed'
Mono path[1] = 'C:/Program Files/Unity/Hub/Editor/2021.1.19f1/Editor/Data/MonoBleedingEdge/lib/mono/unityjit'
Mono config path = 'C:/Program Files/Unity/Hub/Editor/2021.1.19f1/Editor/Data/MonoBleedingEdge/etc'
Using monoOptions --debugger-agent=transport=dt_socket,embedding=1,server=y,suspend=n,address=127.0.0.1:56288
Begin MonoManager ReloadAssembly
Registering precompiled unity dll's ...
Register platform support module: C:/Program Files/Unity/Hub/Editor/2021.1.19f1/Editor/Data/PlaybackEngines/WindowsStandaloneSupport/UnityEditor.WindowsStandalone.Extensions.dll
Registered in 0.002348 seconds.
Native extension for WindowsStandalone target not found
Refreshing native plugins compatible for Editor in 33.74 ms, found 2 plugins.
Preloading 0 native plugins for Editor in 0.00 ms.
Mono: successfully reloaded assembly
- Completed reload, in  2.103 seconds
Domain Reload Profiling:
	ReloadAssembly (2103ms)
		BeginReloadAssembly (78ms)
			ExecutionOrderSort (0ms)
			DisableScriptedObjects (0ms)
			BackupInstance (0ms)
			ReleaseScriptingObjects (0ms)
			CreateAndSetChildDomain (1ms)
		EndReloadAssembly (495ms)
			LoadAssemblies (75ms)
			RebuildTransferFunctionScriptingTraits (0ms)
			SetupTypeCache (196ms)
			ReleaseScriptCaches (0ms)
			RebuildScriptCaches (34ms)
			SetupLoadedEditorAssemblies (201ms)
				LogAssemblyErrors (0ms)
				InitializePlatformSupportModulesInManaged (7ms)
				SetLoadedEditorAssemblies (0ms)
				RefreshPlugins (34ms)
				BeforeProcessingInitializeOnLoad (2ms)
				ProcessInitializeOnLoadAttributes (122ms)
				ProcessInitializeOnLoadMethodAttributes (36ms)
				AfterProcessingInitializeOnLoad (0ms)
				EditorAssembliesLoaded (0ms)
			ExecutionOrderSort2 (0ms)
			AwakeInstancesAfterBackupRestoration (0ms)
Platform modules already initialized, skipping
Registering precompiled user dll's ...
Registered in 0.002293 seconds.
Begin MonoManager ReloadAssembly
Native extension for WindowsStandalone target not found
Refreshing native plugins compatible for Editor in 0.34 ms, found 2 plugins.
Preloading 0 native plugins for Editor in 0.00 ms.
Mono: successfully reloaded assembly
- Completed reload, in  1.165 seconds
Domain Reload Profiling:
	ReloadAssembly (1166ms)
		BeginReloadAssembly (187ms)
			ExecutionOrderSort (0ms)
			DisableScriptedObjects (6ms)
			BackupInstance (0ms)
			ReleaseScriptingObjects (0ms)
			CreateAndSetChildDomain (22ms)
		EndReloadAssembly (901ms)
			LoadAssemblies (106ms)
			RebuildTransferFunctionScriptingTraits (0ms)
			SetupTypeCache (312ms)
			ReleaseScriptCaches (0ms)
			RebuildScriptCaches (46ms)
			SetupLoadedEditorAssemblies (336ms)
				LogAssemblyErrors (0ms)
				InitializePlatformSupportModulesInManaged (6ms)
				SetLoadedEditorAssemblies (1ms)
				RefreshPlugins (0ms)
				BeforeProcessingInitializeOnLoad (54ms)
				ProcessInitializeOnLoadAttributes (258ms)
				ProcessInitializeOnLoadMethodAttributes (6ms)
				AfterProcessingInitializeOnLoad (10ms)
				EditorAssembliesLoaded (0ms)
			ExecutionOrderSort2 (0ms)
			AwakeInstancesAfterBackupRestoration (9ms)
Platform modules already initialized, skipping
========================================================================
Worker process is ready to serve import requests
Launched and connected shader compiler UnityShaderCompiler.exe after 0.06 seconds
Refreshing native plugins compatible for Editor in 0.34 ms, found 2 plugins.
Preloading 0 native plugins for Editor in 0.00 ms.
Unloading 1432 Unused Serialized files (Serialized files now loaded: 0)
System memory in use before: 68.6 MB.
System memory in use after: 68.7 MB.

Unloading 16 unused Assets to reduce memory usage. Loaded Objects now: 1884.
Total: 3.387800 ms (FindLiveObjects: 0.170500 ms CreateObjectMapping: 0.039400 ms MarkObjects: 3.082000 ms  DeleteObjects: 0.094100 ms)

AssetImportParameters requested are different than current active one (requested -> active):
  custom:framework-win-MediaFoundation: 216162199b28c13a410421893ffa2e32 -> 
  custom:video-decoder-ogg-theora: a1e56fd34408186e4bbccfd4996cb3dc -> 
  custom:container-muxer-webm: aa71ff27fc2769a1b78a27578f13a17b -> 
  custom:container-demuxer-webm: 4f35f7cbe854078d1ac9338744f61a02 -> 
  custom:container-demuxer-ogg: 62fdf1f143b41e24485cea50d1cbac27 -> 
  custom:video-encoder-webm-vp8: eb34c28f22e8b96e1ab97ce403110664 -> 
  custom:video-decoder-webm-vp8: 9c59270c3fd7afecdb556c50c9e8de78 -> 
  custom:audio-decoder-ogg-vorbis: bf7c407c2cedff20999df2af8eb42d56 -> 
  custom:audio-encoder-webm-vorbis: bf7c407c2cedff20999df2af8eb42d56 -> 
========================================================================
Received Import Request.
  path: Assets/Prefabs/cat.FBX
  artifactKey: Guid(3113821c03838eb42bc2a8bcad32e194) Importer(815301076,1909f56bfc062723c751e8b465ee728b)
Start importing Assets/Prefabs/cat.FBX using Guid(3113821c03838eb42bc2a8bcad32e194) Importer(815301076,1909f56bfc062723c751e8b465ee728b)  -> (artifact id: 'b5e49f53fbad6160cd5044f12b2ca49c') in 0.331446 seconds 
========================================================================
Received Import Request.
  Time since last request: 0.000268 seconds.
  path: Assets/Prefabs/Map/Skirts7.prefab
  artifactKey: Guid(a333196e2cb7570468c6d8330e13c4b5) Importer(815301076,1909f56bfc062723c751e8b465ee728b)
Start importing Assets/Prefabs/Map/Skirts7.prefab using Guid(a333196e2cb7570468c6d8330e13c4b5) Importer(815301076,1909f56bfc062723c751e8b465ee728b)  -> (artifact id: 'bdf6ff030c3f098da26af16ac832305a') in 0.212736 seconds 
========================================================================
Received Import Request.
  Time since last request: 0.000209 seconds.
  path: Assets/Prefabs/Map/Prefab14.prefab
  artifactKey: Guid(0702415cb98fac2488f72d5ed4d187de) Importer(815301076,1909f56bfc062723c751e8b465ee728b)
Start importing Assets/Prefabs/Map/Prefab14.prefab using Guid(0702415cb98fac2488f72d5ed4d187de) Importer(815301076,1909f56bfc062723c751e8b465ee728b)  -> (artifact id: '4e2810dd022667a94432e092b3aabf7e') in 0.084773 seconds 
========================================================================
Received Import Request.
  Time since last request: 0.000211 seconds.
  path: Assets/Prefabs/Map/Prefab15.prefab
  artifactKey: Guid(f6c01ddb2d3fde142a9ec443d1db91e0) Importer(815301076,1909f56bfc062723c751e8b465ee728b)
Start importing Assets/Prefabs/Map/Prefab15.prefab using Guid(f6c01ddb2d3fde142a9ec443d1db91e0) Importer(815301076,1909f56bfc062723c751e8b465ee728b)  -> (artifact id: '07ad97e6d22cb89c7988bc76c7795cb7') in 0.086576 seconds 
========================================================================
Received Import Request.
  Time since last request: 0.000283 seconds.
  path: Assets/Prefabs/Map/Skirts11.prefab
  artifactKey: Guid(9e5f7a99e4345fc4bb3f4232c9893ed2) Importer(815301076,1909f56bfc062723c751e8b465ee728b)
Start importing Assets/Prefabs/Map/Skirts11.prefab using Guid(9e5f7a99e4345fc4bb3f4232c9893ed2) Importer(815301076,1909f56bfc062723c751e8b465ee728b)  -> (artifact id: '97056b49cae9c0d6830c4bb9c62e1dd9') in 0.084616 seconds 
========================================================================
Received Import Request.
  Time since last request: 0.000246 seconds.
  path: Assets/Prefabs/Map/Prefab9.prefab
  artifactKey: Guid(8889f942c0ca0134190e830450ec1149) Importer(815301076,1909f56bfc062723c751e8b465ee728b)
Start importing Assets/Prefabs/Map/Prefab9.prefab using Guid(8889f942c0ca0134190e830450ec1149) Importer(815301076,1909f56bfc062723c751e8b465ee728b)  -> (artifact id: '478cc4de71d166457f8d2c0099448f19') in 0.133647 seconds 
========================================================================
Received Import Request.
  Time since last request: 0.000250 seconds.
  path: Assets/Prefabs/Map/Prefab4.prefab
  artifactKey: Guid(6476436cb40d9e34ca1c2d61ced8e45b) Importer(815301076,1909f56bfc062723c751e8b465ee728b)
Start importing Assets/Prefabs/Map/Prefab4.prefab using Guid(6476436cb40d9e34ca1c2d61ced8e45b) Importer(815301076,1909f56bfc062723c751e8b465ee728b)  -> (artifact id: '3c1d8560f8db3400e7efbf38ba947e26') in 0.083000 seconds 
========================================================================
Received Import Request.
  Time since last request: 0.000231 seconds.
  path: Assets/Prefabs/Map/Skirts4.prefab
  artifactKey: Guid(0dc6cc948bd5ff54b9cdf3a944c09ba4) Importer(815301076,1909f56bfc062723c751e8b465ee728b)
Start importing Assets/Prefabs/Map/Skirts4.prefab using Guid(0dc6cc948bd5ff54b9cdf3a944c09ba4) Importer(815301076,1909f56bfc062723c751e8b465ee728b)  -> (artifact id: '4c7f414b7e2339116fa5d63716d712cf') in 0.081680 seconds 
========================================================================
Received Import Request.
  Time since last request: 0.000224 seconds.
  path: Assets/Prefabs/Map/Prefab13.prefab
  artifactKey: Guid(71142ef83858eac47b215b6b2d28df42) Importer(815301076,1909f56bfc062723c751e8b465ee728b)
Start importing Assets/Prefabs/Map/Prefab13.prefab using Guid(71142ef83858eac47b215b6b2d28df42) Importer(815301076,1909f56bfc062723c751e8b465ee728b)  -> (artifact id: 'fa2635dd502e3f3c35f47fbbe13d839a') in 0.085162 seconds 
========================================================================
Received Import Request.
  Time since last request: 0.000242 seconds.
  path: Assets/Prefabs/Map/Skirts3.prefab
  artifactKey: Guid(f3d790df1ed53be4394602321ffe7f57) Importer(815301076,1909f56bfc062723c751e8b465ee728b)
Start importing Assets/Prefabs/Map/Skirts3.prefab using Guid(f3d790df1ed53be4394602321ffe7f57) Importer(815301076,1909f56bfc062723c751e8b465ee728b)  -> (artifact id: '86a7a49b417fbe712a6a17fb49268625') in 0.076503 seconds 
========================================================================
Received Import Request.
  Time since last request: 0.000957 seconds.
  path: Assets/Prefabs/needle package.fbx
  artifactKey: Guid(8b47c4dcdd8e2a64fb254619dbd50df2) Importer(815301076,1909f56bfc062723c751e8b465ee728b)
Start importing Assets/Prefabs/needle package.fbx using Guid(8b47c4dcdd8e2a64fb254619dbd50df2) Importer(815301076,1909f56bfc062723c751e8b465ee728b)  -> (artifact id: '254d377c1ff3419ddda03b821c8a74ba') in 0.075931 seconds 
========================================================================
Received Import Request.
  Time since last request: 0.000228 seconds.
  path: Assets/Prefabs/Map/Prefab1.prefab
  artifactKey: Guid(6f9daed52b9d4434f8c1e3036879bbd9) Importer(815301076,1909f56bfc062723c751e8b465ee728b)
Start importing Assets/Prefabs/Map/Prefab1.prefab using Guid(6f9daed52b9d4434f8c1e3036879bbd9) Importer(815301076,1909f56bfc062723c751e8b465ee728b)  -> (artifact id: '6d545e6db07bdb5cca971fc29a5307d2') in 0.077494 seconds 
========================================================================
Received Import Request.
  Time since last request: 0.000448 seconds.
  path: Assets/Prefabs/Map/Skirts8.prefab
  artifactKey: Guid(07a23dbf3c257824fb6c6c32339d069a) Importer(815301076,1909f56bfc062723c751e8b465ee728b)
Start importing Assets/Prefabs/Map/Skirts8.prefab using Guid(07a23dbf3c257824fb6c6c32339d069a) Importer(815301076,1909f56bfc062723c751e8b465ee728b)  -> (artifact id: '76938ab4295893c0fd44c574a7c4cbd8') in 0.087923 seconds 
========================================================================
Received Import Request.
  Time since last request: 0.000209 seconds.
  path: Assets/Prefabs/Map/Skirts9.prefab
  artifactKey: Guid(0ef36dd032fc9be47aec0dadc2800159) Importer(815301076,1909f56bfc062723c751e8b465ee728b)
Start importing Assets/Prefabs/Map/Skirts9.prefab using Guid(0ef36dd032fc9be47aec0dadc2800159) Importer(815301076,1909f56bfc062723c751e8b465ee728b)  -> (artifact id: 'f6c3f05f125b66bf4b610be3fed456ce') in 0.074250 seconds 
========================================================================
Received Import Request.
  Time since last request: 0.000203 seconds.
  path: Assets/Prefabs
  artifactKey: Guid(38b6569d7f5797b43bd6b4a29c93fc34) Importer(815301076,1909f56bfc062723c751e8b465ee728b)
Start importing Assets/Prefabs using Guid(38b6569d7f5797b43bd6b4a29c93fc34) Importer(815301076,1909f56bfc062723c751e8b465ee728b)  -> (artifact id: '1f3cfc45cc7c98ced853f87494126a68') in 0.006597 seconds 
========================================================================
Received Import Request.
  Time since last request: 0.000309 seconds.
  path: Assets/Prefabs/Map/Prefab2.prefab
  artifactKey: Guid(719452bf18be7de44b2bdcdc493a906c) Importer(815301076,1909f56bfc062723c751e8b465ee728b)
Start importing Assets/Prefabs/Map/Prefab2.prefab using Guid(719452bf18be7de44b2bdcdc493a906c) Importer(815301076,1909f56bfc062723c751e8b465ee728b)  -> (artifact id: '24c2312698ae8055535ce259de627624') in 0.077738 seconds 
========================================================================
Received Import Request.
  Time since last request: 0.000161 seconds.
  path: Assets/Prefabs/Map/Prefab11.prefab
  artifactKey: Guid(faf6b524901afe14c9bb7c539fa0f1c6) Importer(815301076,1909f56bfc062723c751e8b465ee728b)
Start importing Assets/Prefabs/Map/Prefab11.prefab using Guid(faf6b524901afe14c9bb7c539fa0f1c6) Importer(815301076,1909f56bfc062723c751e8b465ee728b)  -> (artifact id: 'ac86b1486fe4d069462ba6813090d61a') in 0.082650 seconds 
========================================================================
Received Import Request.
  Time since last request: 0.000225 seconds.
  path: Assets/Prefabs/Map/Prefab8.prefab
  artifactKey: Guid(85364b815f4161146b6fb0b1c2883387) Importer(815301076,1909f56bfc062723c751e8b465ee728b)
Start importing Assets/Prefabs/Map/Prefab8.prefab using Guid(85364b815f4161146b6fb0b1c2883387) Importer(815301076,1909f56bfc062723c751e8b465ee728b)  -> (artifact id: '811eddaae29e4183c066110e165d5f32') in 0.076772 seconds 
========================================================================
Received Import Request.
  Time since last request: 0.000189 seconds.
  path: Assets/Prefabs/Map/Skirts12.prefab
  artifactKey: Guid(8e9654ba99eb6d445b6897cf28705cfb) Importer(815301076,1909f56bfc062723c751e8b465ee728b)
Start importing Assets/Prefabs/Map/Skirts12.prefab using Guid(8e9654ba99eb6d445b6897cf28705cfb) Importer(815301076,1909f56bfc062723c751e8b465ee728b)  -> (artifact id: '2b3e394f2246fe4aabae1492a3626ba0') in 0.072293 seconds 
========================================================================
Received Import Request.
  Time since last request: 0.000191 seconds.
  path: Assets/Prefabs/Map/Prefab7.prefab
  artifactKey: Guid(70e5a04ae02e384479ca569c4d74ee1a) Importer(815301076,1909f56bfc062723c751e8b465ee728b)
Start importing Assets/Prefabs/Map/Prefab7.prefab using Guid(70e5a04ae02e384479ca569c4d74ee1a) Importer(815301076,1909f56bfc062723c751e8b465ee728b)  -> (artifact id: 'fd380184524b81353fa81618e6382566') in 0.081360 seconds 
========================================================================
Received Import Request.
  Time since last request: 0.000235 seconds.
  path: Assets/Prefabs/Map/Prefab12.prefab
  artifactKey: Guid(1538b32d1d5b3d64ba1d17fdd137b4db) Importer(815301076,1909f56bfc062723c751e8b465ee728b)
Start importing Assets/Prefabs/Map/Prefab12.prefab using Guid(1538b32d1d5b3d64ba1d17fdd137b4db) Importer(815301076,1909f56bfc062723c751e8b465ee728b)  -> (artifact id: '76bd67acc637e19dbaff56b577c2c379') in 0.080398 seconds 
========================================================================
Received Import Request.
  Time since last request: 0.000237 seconds.
  path: Assets/Prefabs/Map
  artifactKey: Guid(488e7cd1ff3e5f043b39231dcc8cd3ef) Importer(815301076,1909f56bfc062723c751e8b465ee728b)
Start importing Assets/Prefabs/Map using Guid(488e7cd1ff3e5f043b39231dcc8cd3ef) Importer(815301076,1909f56bfc062723c751e8b465ee728b)  -> (artifact id: 'd7f33e717921fbcbbf00b7f80a7445ec') in 0.006521 seconds 
========================================================================
Received Import Request.
  Time since last request: 0.000183 seconds.
  path: Assets/Prefabs/Map/Skirts10.prefab
  artifactKey: Guid(e21995acfb7cd794087b3ab0e759ab79) Importer(815301076,1909f56bfc062723c751e8b465ee728b)
Start importing Assets/Prefabs/Map/Skirts10.prefab using Guid(e21995acfb7cd794087b3ab0e759ab79) Importer(815301076,1909f56bfc062723c751e8b465ee728b)  -> (artifact id: '860ae88866ef98346912256ae41462bf') in 0.077452 seconds 
========================================================================
Received Import Request.
  Time since last request: 0.000169 seconds.
  path: Assets/Prefabs/Map/Skirts1.prefab
  artifactKey: Guid(fcbdf310206844a4196c758574b68ffa) Importer(815301076,1909f56bfc062723c751e8b465ee728b)
Start importing Assets/Prefabs/Map/Skirts1.prefab using Guid(fcbdf310206844a4196c758574b68ffa) Importer(815301076,1909f56bfc062723c751e8b465ee728b)  -> (artifact id: '741988532f7a4f2d41596a63eb4b5b39') in 0.071483 seconds 
========================================================================
Received Import Request.
  Time since last request: 0.000374 seconds.
  path: Assets/Prefabs/Map/Skirts2.prefab
  artifactKey: Guid(d79455217d313164f91c56126ceeeacd) Importer(815301076,1909f56bfc062723c751e8b465ee728b)
Start importing Assets/Prefabs/Map/Skirts2.prefab using Guid(d79455217d313164f91c56126ceeeacd) Importer(815301076,1909f56bfc062723c751e8b465ee728b)  -> (artifact id: '9836de43443e7eb1b1d5bad479b1ffe2') in 0.077264 seconds 
========================================================================
Received Import Request.
  Time since last request: 0.000201 seconds.
  path: Assets/Prefabs/Map/Prefab5.prefab
  artifactKey: Guid(ed0cd1804a943314799a44d1f54a046d) Importer(815301076,1909f56bfc062723c751e8b465ee728b)
Start importing Assets/Prefabs/Map/Prefab5.prefab using Guid(ed0cd1804a943314799a44d1f54a046d) Importer(815301076,1909f56bfc062723c751e8b465ee728b)  -> (artifact id: '524b21c227f0c6f2d95af520c5a76e83') in 0.078980 seconds 
========================================================================
Received Import Request.
  Time since last request: 0.000172 seconds.
  path: Assets/Prefabs/Map/Prefab10.prefab
  artifactKey: Guid(75fba5b19fc7c114c95518e885dfe4ff) Importer(815301076,1909f56bfc062723c751e8b465ee728b)
Start importing Assets/Prefabs/Map/Prefab10.prefab using Guid(75fba5b19fc7c114c95518e885dfe4ff) Importer(815301076,1909f56bfc062723c751e8b465ee728b)  -> (artifact id: 'a095a1473bb4882dbdb88f015eae9255') in 0.082064 seconds 
========================================================================
Received Import Request.
  Time since last request: 0.000192 seconds.
  path: Assets/Prefabs/Map/Finish.prefab
  artifactKey: Guid(8144c7c1c15632e438cc9c152043432d) Importer(815301076,1909f56bfc062723c751e8b465ee728b)
Start importing Assets/Prefabs/Map/Finish.prefab using Guid(8144c7c1c15632e438cc9c152043432d) Importer(815301076,1909f56bfc062723c751e8b465ee728b)  -> (artifact id: '2cc9f6d22b7362646ac2eaa0c4ad5010') in 0.086575 seconds 
========================================================================
Received Import Request.
  Time since last request: 0.000196 seconds.
  path: Assets/Prefabs/Map/Skirts6.prefab
  artifactKey: Guid(9baec475465565044aeb0dc7598d1305) Importer(815301076,1909f56bfc062723c751e8b465ee728b)
Start importing Assets/Prefabs/Map/Skirts6.prefab using Guid(9baec475465565044aeb0dc7598d1305) Importer(815301076,1909f56bfc062723c751e8b465ee728b)  -> (artifact id: 'a01e5dfdcd49724a40ed919928833376') in 0.076792 seconds 
========================================================================
Received Import Request.
  Time since last request: 0.000239 seconds.
  path: Assets/Prefabs/Map/Prefab6.prefab
  artifactKey: Guid(99a34f181155547459f681da16a1c436) Importer(815301076,1909f56bfc062723c751e8b465ee728b)
Start importing Assets/Prefabs/Map/Prefab6.prefab using Guid(99a34f181155547459f681da16a1c436) Importer(815301076,1909f56bfc062723c751e8b465ee728b)  -> (artifact id: 'a564f2f84c2b09cefa8ed9d0467eb67c') in 0.074075 seconds 
========================================================================
Received Import Request.
  Time since last request: 0.000171 seconds.
  path: Assets/Prefabs/unitymackaprototip1.fbx
  artifactKey: Guid(3c2b724551221a74b80d4b86d09e06df) Importer(815301076,1909f56bfc062723c751e8b465ee728b)
Start importing Assets/Prefabs/unitymackaprototip1.fbx using Guid(3c2b724551221a74b80d4b86d09e06df) Importer(815301076,1909f56bfc062723c751e8b465ee728b)  -> (artifact id: '58ae942d3148879fd9e77b9334358f01') in 0.055761 seconds 
========================================================================
Received Import Request.
  Time since last request: 0.000303 seconds.
  path: Assets/Prefabs/Map/Prefab3.prefab
  artifactKey: Guid(cf4fd382dccb13846ada8a47c182385d) Importer(815301076,1909f56bfc062723c751e8b465ee728b)
Start importing Assets/Prefabs/Map/Prefab3.prefab using Guid(cf4fd382dccb13846ada8a47c182385d) Importer(815301076,1909f56bfc062723c751e8b465ee728b)  -> (artifact id: 'd77530d716d8f93c911176346a7b5378') in 0.077350 seconds 
========================================================================
Received Import Request.
  Time since last request: 0.000192 seconds.
  path: Assets/Prefabs/Map/Skirts5.prefab
  artifactKey: Guid(6e966b035e0bf5f4e969da4728f3cd98) Importer(815301076,1909f56bfc062723c751e8b465ee728b)
Start importing Assets/Prefabs/Map/Skirts5.prefab using Guid(6e966b035e0bf5f4e969da4728f3cd98) Importer(815301076,1909f56bfc062723c751e8b465ee728b)  -> (artifact id: '51632d0860bf7f51c0869b55c627e8ac') in 0.074154 seconds 
========================================================================
Received Prepare
Registering precompiled user dll's ...
Registered in 0.002387 seconds.
Begin MonoManager ReloadAssembly
Native extension for WindowsStandalone target not found
Refreshing native plugins compatible for Editor in 0.49 ms, found 2 plugins.
Preloading 0 native plugins for Editor in 0.00 ms.
Mono: successfully reloaded assembly
- Completed reload, in  1.080 seconds
Domain Reload Profiling:
	ReloadAssembly (1080ms)
		BeginReloadAssembly (140ms)
			ExecutionOrderSort (0ms)
			DisableScriptedObjects (5ms)
			BackupInstance (0ms)
			ReleaseScriptingObjects (0ms)
			CreateAndSetChildDomain (36ms)
		EndReloadAssembly (864ms)
			LoadAssemblies (107ms)
			RebuildTransferFunctionScriptingTraits (0ms)
			SetupTypeCache (308ms)
			ReleaseScriptCaches (1ms)
			RebuildScriptCaches (41ms)
			SetupLoadedEditorAssemblies (296ms)
				LogAssemblyErrors (0ms)
				InitializePlatformSupportModulesInManaged (8ms)
				SetLoadedEditorAssemblies (1ms)
				RefreshPlugins (1ms)
				BeforeProcessingInitializeOnLoad (45ms)
				ProcessInitializeOnLoadAttributes (229ms)
				ProcessInitializeOnLoadMethodAttributes (5ms)
				AfterProcessingInitializeOnLoad (8ms)
				EditorAssembliesLoaded (0ms)
			ExecutionOrderSort2 (0ms)
			AwakeInstancesAfterBackupRestoration (8ms)
Platform modules already initialized, skipping
Switching build target platform(19) subTarget(0) extendedPlatform(0) -> platform(13) subTarget(537395200) extendedPlatform(0)
Refreshing native plugins compatible for Editor in 0.37 ms, found 2 plugins.
Preloading 0 native plugins for Editor in 0.00 ms.
Unloading 1416 Unused Serialized files (Serialized files now loaded: 0)
System memory in use before: 85.1 MB.
System memory in use after: 85.2 MB.

Unloading 12 unused Assets to reduce memory usage. Loaded Objects now: 1933.
Total: 4.005100 ms (FindLiveObjects: 0.276100 ms CreateObjectMapping: 0.087000 ms MarkObjects: 3.616500 ms  DeleteObjects: 0.023100 ms)

AssetImportParameters requested are different than current active one (requested -> active):
  custom:framework-win-MediaFoundation: 216162199b28c13a410421893ffa2e32 -> 
  custom:video-decoder-ogg-theora: a1e56fd34408186e4bbccfd4996cb3dc -> 
  custom:container-muxer-webm: aa71ff27fc2769a1b78a27578f13a17b -> 
  custom:container-demuxer-webm: 4f35f7cbe854078d1ac9338744f61a02 -> 
  custom:container-demuxer-ogg: 62fdf1f143b41e24485cea50d1cbac27 -> 
  custom:video-encoder-webm-vp8: eb34c28f22e8b96e1ab97ce403110664 -> 
  custom:video-decoder-webm-vp8: 9c59270c3fd7afecdb556c50c9e8de78 -> 
  custom:graphics/normal-map-encoding: 01000000000000000000000000000000 -> 02000000000000000000000000000000
  custom:audio-decoder-ogg-vorbis: bf7c407c2cedff20999df2af8eb42d56 -> 
  custom:audio-encoder-webm-vorbis: bf7c407c2cedff20999df2af8eb42d56 -> 
AssetImportWorkerClient::OnTransportError - code=2 error=End of file
